<?xml version="1.0" encoding="UTF-8" standalone="yes"?><!DOCTYPE report PUBLIC "-//JACOCO//DTD Report 1.1//EN" "report.dtd"><report name="domain"><sessioninfo id="acerta353-dc5278a1" start="1678279831093" dump="1678279831508"/><sessioninfo id="acerta353-a89cb3af" start="1678280021091" dump="1678280021488"/><sessioninfo id="acerta353-2ab6b60f" start="1678280047299" dump="1678280047845"/><package name="com/acerta/domain/category"><class name="com/acerta/domain/category/CategoryDomain" sourcefilename="CategoryDomain.java"><method name="&lt;init&gt;" desc="(Ljava/lang/String;Ljava/lang/String;Ljava/time/LocalDateTime;Ljava/time/LocalDateTime;)V" line="13"><counter type="INSTRUCTION" missed="0" covered="15"/><counter type="LINE" missed="0" covered="6"/><counter type="COMPLEXITY" missed="0" covered="1"/><counter type="METHOD" missed="0" covered="1"/></method><method name="create" desc="(Ljava/lang/String;)Lcom/acerta/domain/category/CategoryDomain;" line="21"><counter type="INSTRUCTION" missed="0" covered="13"/><counter type="LINE" missed="0" covered="3"/><counter type="COMPLEXITY" missed="0" covered="1"/><counter type="METHOD" missed="0" covered="1"/></method><method name="with" desc="(Ljava/lang/String;Ljava/lang/String;Ljava/time/LocalDateTime;Ljava/time/LocalDateTime;)Lcom/acerta/domain/category/CategoryDomain;" line="28"><counter type="INSTRUCTION" missed="0" covered="8"/><counter type="LINE" missed="0" covered="1"/><counter type="COMPLEXITY" missed="0" covered="1"/><counter type="METHOD" missed="0" covered="1"/></method><method name="changeName" desc="(Ljava/lang/String;)V" line="32"><counter type="INSTRUCTION" missed="0" covered="7"/><counter type="LINE" missed="0" covered="3"/><counter type="COMPLEXITY" missed="0" covered="1"/><counter type="METHOD" missed="0" covered="1"/></method><method name="validate" desc="()V" line="37"><counter type="INSTRUCTION" missed="1" covered="12"/><counter type="BRANCH" missed="2" covered="2"/><counter type="LINE" missed="1" covered="2"/><counter type="COMPLEXITY" missed="2" covered="1"/><counter type="METHOD" missed="0" covered="1"/></method><method name="getId" desc="()Ljava/lang/String;" line="43"><counter type="INSTRUCTION" missed="0" covered="3"/><counter type="LINE" missed="0" covered="1"/><counter type="COMPLEXITY" missed="0" covered="1"/><counter type="METHOD" missed="0" covered="1"/></method><method name="getName" desc="()Ljava/lang/String;" line="47"><counter type="INSTRUCTION" missed="0" covered="3"/><counter type="LINE" missed="0" covered="1"/><counter type="COMPLEXITY" missed="0" covered="1"/><counter type="METHOD" missed="0" covered="1"/></method><method name="getCreatedAt" desc="()Ljava/time/LocalDateTime;" line="51"><counter type="INSTRUCTION" missed="0" covered="3"/><counter type="LINE" missed="0" covered="1"/><counter type="COMPLEXITY" missed="0" covered="1"/><counter type="METHOD" missed="0" covered="1"/></method><method name="getUpdatedAt" desc="()Ljava/time/LocalDateTime;" line="55"><counter type="INSTRUCTION" missed="0" covered="3"/><counter type="LINE" missed="0" covered="1"/><counter type="COMPLEXITY" missed="0" covered="1"/><counter type="METHOD" missed="0" covered="1"/></method><counter type="INSTRUCTION" missed="1" covered="67"/><counter type="BRANCH" missed="2" covered="2"/><counter type="LINE" missed="1" covered="19"/><counter type="COMPLEXITY" missed="2" covered="9"/><counter type="METHOD" missed="0" covered="9"/><counter type="CLASS" missed="0" covered="1"/></class><sourcefile name="CategoryDomain.java"><line nr="13" mi="0" ci="2" mb="0" cb="0"/><line nr="14" mi="0" ci="3" mb="0" cb="0"/><line nr="15" mi="0" ci="3" mb="0" cb="0"/><line nr="16" mi="0" ci="3" mb="0" cb="0"/><line nr="17" mi="0" ci="3" mb="0" cb="0"/><line nr="18" mi="0" ci="1" mb="0" cb="0"/><line nr="21" mi="0" ci="3" mb="0" cb="0"/><line nr="22" mi="0" ci="2" mb="0" cb="0"/><line nr="24" mi="0" ci="8" mb="0" cb="0"/><line nr="28" mi="0" ci="8" mb="0" cb="0"/><line nr="32" mi="0" ci="3" mb="0" cb="0"/><line nr="33" mi="0" ci="3" mb="0" cb="0"/><line nr="34" mi="0" ci="1" mb="0" cb="0"/><line nr="37" mi="0" ci="7" mb="2" cb="2"/><line nr="38" mi="0" ci="5" mb="0" cb="0"/><line nr="40" mi="1" ci="0" mb="0" cb="0"/><line nr="43" mi="0" ci="3" mb="0" cb="0"/><line nr="47" mi="0" ci="3" mb="0" cb="0"/><line nr="51" mi="0" ci="3" mb="0" cb="0"/><line nr="55" mi="0" ci="3" mb="0" cb="0"/><counter type="INSTRUCTION" missed="1" covered="67"/><counter type="BRANCH" missed="2" covered="2"/><counter type="LINE" missed="1" covered="19"/><counter type="COMPLEXITY" missed="2" covered="9"/><counter type="METHOD" missed="0" covered="9"/><counter type="CLASS" missed="0" covered="1"/></sourcefile><counter type="INSTRUCTION" missed="1" covered="67"/><counter type="BRANCH" missed="2" covered="2"/><counter type="LINE" missed="1" covered="19"/><counter type="COMPLEXITY" missed="2" covered="9"/><counter type="METHOD" missed="0" covered="9"/><counter type="CLASS" missed="0" covered="1"/></package><counter type="INSTRUCTION" missed="1" covered="67"/><counter type="BRANCH" missed="2" covered="2"/><counter type="LINE" missed="1" covered="19"/><counter type="COMPLEXITY" missed="2" covered="9"/><counter type="METHOD" missed="0" covered="9"/><counter type="CLASS" missed="0" covered="1"/></report>